Attempts: 1 - Request URL: hosting.acscreativedev.com/~continentalpools/wp-content/uploads/commercial-pool-tech-150x150.jpg
Attempts: 2 - Request URL: hosting.acscreativedev.com/~continentalpools/wp-content/uploads/commercial-pool-construction-150x150.jpg
Attempts: 3 - Request URL: hosting.acscreativedev.com/~continentalpools/wp-content/uploads/Screen-Shot-2017-05-05-at-9.51.11-AM-150x150.png
Attempts: 4 - Request URL: hosting.acscreativedev.com/~continentalpools/wp-content/uploads/commercial-pool-tech-150x150.jpg
Attempts: 5 - Request URL: hosting.acscreativedev.com/~continentalpools/wp-content/uploads/Screen-Shot-2017-05-05-at-9.51.11-AM-150x150.png
Attempts: 6 - Request URL: hosting.acscreativedev.com/~continentalpools/wp-content/uploads/commercial-pool-construction-150x150.jpg
Attempts: 7 - Request URL: hosting.acscreativedev.com/~continentalpools/wp-content/uploads/commercial-pool-tech-150x150.jpg
Attempts: 8 - Request URL: hosting.acscreativedev.com/~continentalpools/wp-content/uploads/Screen-Shot-2017-05-05-at-9.51.11-AM-150x150.png
Attempts: 9 - Request URL: hosting.acscreativedev.com/~continentalpools/wp-content/uploads/commercial-pool-construction-150x150.jpg
Attempts: 10 - Request URL: hosting.acscreativedev.com/~continentalpools/apple-touch-icon-precomposed.png
Attempts: 11 - Request URL: hosting.acscreativedev.com/~continentalpools/apple-touch-icon.png
Attempts: 12 - Request URL: hosting.acscreativedev.com/~continentalpools/wp-content/uploads/main_howtolifeguard-300x176.jpg
Attempts: 13 - Request URL: hosting.acscreativedev.com/~continentalpools/wp-content/uploads/image-300x136.png
Attempts: 14 - Request URL: hosting.acscreativedev.com/~continentalpools/wp-content/uploads/image-300x136.png
Attempts: 15 - Request URL: hosting.acscreativedev.com/~continentalpools/wp-content/uploads/main_howtolifeguard-300x176.jpg
Attempts: 16 - Request URL: hosting.acscreativedev.com/~continentalpools/wp-content/uploads/image-300x136.png
Attempts: 17 - Request URL: hosting.acscreativedev.com/~continentalpools/wp-content/uploads/main_howtolifeguard-300x176.jpg
Attempts: 18 - Request URL: hosting.acscreativedev.com/~continentalpools/wp-content/uploads/image-300x136.png
Attempts: 19 - Request URL: hosting.acscreativedev.com/~continentalpools/wp-content/uploads/main_howtolifeguard-300x176.jpg
Attempts: 20 - Request URL: hosting.acscreativedev.com/~continentalpools/wp-content/uploads/image-300x136.png
Attempts: 21 - Request URL: hosting.acscreativedev.com/~continentalpools/wp-content/uploads/mahc_web_button_200px-150x150.jpg
Attempts: 22 - Request URL: hosting.acscreativedev.com/~continentalpools/wp-content/uploads/main_howtolifeguard-300x176.jpg
Attempts: 23 - Request URL: hosting.acscreativedev.com/~continentalpools/wp-content/uploads/image-300x136.png
Attempts: 24 - Request URL: hosting.acscreativedev.com/~continentalpools/wp-content/uploads/main_howtolifeguard-300x176.jpg
Attempts: 25 - Request URL: hosting.acscreativedev.com/~continentalpools/wp-content/uploads/image-300x136.png
Attempts: 26 - Request URL: hosting.acscreativedev.com/~continentalpools/wp-content/uploads/main_howtolifeguard-300x176.jpg
Attempts: 27 - Request URL: hosting.acscreativedev.com/~continentalpools/wp-content/uploads/pool-light-fixture-300x300.png
Attempts: 28 - Request URL: hosting.acscreativedev.com/~continentalpools/wp-content/uploads/image-300x136.png
Attempts: 29 - Request URL: hosting.acscreativedev.com/~continentalpools/wp-content/uploads/main_howtolifeguard-300x176.jpg
Attempts: 30 - Request URL: hosting.acscreativedev.com/~continentalpools/wp-content/uploads/pool-light-fixture-300x300.png
Attempts: 31 - Request URL: hosting.acscreativedev.com/~continentalpools/wp-content/uploads/mahc_web_button_200px-150x150.jpg
Attempts: 32 - Request URL: hosting.acscreativedev.com/~continentalpools/wp-content/uploads/commercial-pool-maintenance-300x162.jpg
Attempts: 33 - Request URL: hosting.acscreativedev.com/~continentalpools/wp-content/uploads/resources-300x162.jpg
Attempts: 34 - Request URL: hosting.acscreativedev.com/~continentalpools/wp-content/uploads/shutterstock_165762305-300x161.png
Attempts: 35 - Request URL: hosting.acscreativedev.com/~continentalpools/wp-content/uploads/wave-bg-1-300x128.png
Attempts: 36 - Request URL: hosting.acscreativedev.com/~continentalpools/wp-content/uploads/commercial-pool-maintenance-300x162.jpg
Attempts: 37 - Request URL: hosting.acscreativedev.com/~continentalpools/wp-content/uploads/shutterstock_165762305-300x161.png
Attempts: 38 - Request URL: hosting.acscreativedev.com/~continentalpools/wp-content/uploads/mahc_web_button_200px-150x150.jpg
