2017-12-21T10:04:11+00:00 INFO Updating to version 3.0.0.
2017-12-21T10:04:11+00:00 INFO - Queuing wc_pb_update_300 callback.
2017-12-21T10:04:11+00:00 INFO - Queuing wc_pb_update_300_db_version callback.
2017-12-21T10:04:11+00:00 INFO Updating to version 5.0.0.
2017-12-21T10:04:11+00:00 INFO - Queuing wc_pb_update_500_main callback.
2017-12-21T10:04:11+00:00 INFO - Queuing wc_pb_update_500_delete_unused_meta callback.
2017-12-21T10:04:11+00:00 INFO - Queuing wc_pb_update_500_db_version callback.
2017-12-21T10:04:11+00:00 INFO Updating to version 5.1.0.
2017-12-21T10:04:11+00:00 INFO - Queuing wc_pb_update_510_main callback.
2017-12-21T10:04:11+00:00 INFO - Queuing wc_pb_update_510_delete_unused_meta callback.
2017-12-21T10:04:11+00:00 INFO - Queuing wc_pb_update_510_db_version callback.
2017-12-21T10:04:13+00:00 INFO - Running wc_pb_update_300 callback...
2017-12-21T10:04:13+00:00 INFO - Finished wc_pb_update_300 callback.
2017-12-21T10:04:13+00:00 INFO - Running wc_pb_update_300_db_version callback...
2017-12-21T10:04:13+00:00 INFO Database version is 3.0.0.
2017-12-21T10:04:13+00:00 INFO - Finished wc_pb_update_300_db_version callback.
2017-12-21T10:04:13+00:00 INFO - Running wc_pb_update_500_main callback...
2017-12-21T10:04:14+00:00 INFO - Finished wc_pb_update_500_main callback.
2017-12-21T10:04:14+00:00 INFO - Running wc_pb_update_500_delete_unused_meta callback...
2017-12-21T10:04:14+00:00 INFO - Finished wc_pb_update_500_delete_unused_meta callback.
2017-12-21T10:04:14+00:00 INFO - Running wc_pb_update_500_db_version callback...
2017-12-21T10:04:14+00:00 INFO Database version is 5.0.0.
2017-12-21T10:04:14+00:00 INFO - Finished wc_pb_update_500_db_version callback.
2017-12-21T10:04:14+00:00 INFO - Running wc_pb_update_510_main callback...
2017-12-21T10:04:14+00:00 INFO - Finished wc_pb_update_510_main callback.
2017-12-21T10:04:14+00:00 INFO - Running wc_pb_update_510_delete_unused_meta callback...
2017-12-21T10:04:14+00:00 INFO - Finished wc_pb_update_510_delete_unused_meta callback.
2017-12-21T10:04:14+00:00 INFO - Running wc_pb_update_510_db_version callback...
2017-12-21T10:04:14+00:00 INFO Database version is 5.1.0.
2017-12-21T10:04:14+00:00 INFO - Finished wc_pb_update_510_db_version callback.
2017-12-21T10:04:14+00:00 INFO Data update complete.
2017-12-21T10:04:14+00:00 INFO Database version is 5.7.1.
2017-12-21T10:22:21+00:00 INFO Updating to version 3.0.0.
2017-12-21T10:22:21+00:00 INFO - Queuing wc_pb_update_300 callback.
2017-12-21T10:22:21+00:00 INFO - Queuing wc_pb_update_300_db_version callback.
2017-12-21T10:22:21+00:00 INFO Updating to version 5.0.0.
2017-12-21T10:22:21+00:00 INFO - Queuing wc_pb_update_500_main callback.
2017-12-21T10:22:21+00:00 INFO - Queuing wc_pb_update_500_delete_unused_meta callback.
2017-12-21T10:22:21+00:00 INFO - Queuing wc_pb_update_500_db_version callback.
2017-12-21T10:22:21+00:00 INFO Updating to version 5.1.0.
2017-12-21T10:22:21+00:00 INFO - Queuing wc_pb_update_510_main callback.
2017-12-21T10:22:21+00:00 INFO - Queuing wc_pb_update_510_delete_unused_meta callback.
2017-12-21T10:22:21+00:00 INFO - Queuing wc_pb_update_510_db_version callback.
2017-12-21T10:22:22+00:00 INFO - Running wc_pb_update_300 callback...
2017-12-21T10:22:22+00:00 INFO - Finished wc_pb_update_300 callback.
2017-12-21T10:22:22+00:00 INFO - Running wc_pb_update_300_db_version callback...
2017-12-21T10:22:22+00:00 INFO Database version is 3.0.0.
2017-12-21T10:22:22+00:00 INFO - Finished wc_pb_update_300_db_version callback.
2017-12-21T10:22:22+00:00 INFO - Running wc_pb_update_500_main callback...
2017-12-21T10:22:22+00:00 INFO - Finished wc_pb_update_500_main callback.
2017-12-21T10:22:22+00:00 INFO - Running wc_pb_update_500_delete_unused_meta callback...
2017-12-21T10:22:22+00:00 INFO - Finished wc_pb_update_500_delete_unused_meta callback.
2017-12-21T10:22:22+00:00 INFO - Running wc_pb_update_500_db_version callback...
2017-12-21T10:22:22+00:00 INFO Database version is 5.0.0.
2017-12-21T10:22:22+00:00 INFO - Finished wc_pb_update_500_db_version callback.
2017-12-21T10:22:22+00:00 INFO - Running wc_pb_update_510_main callback...
2017-12-21T10:22:22+00:00 INFO - Finished wc_pb_update_510_main callback.
2017-12-21T10:22:22+00:00 INFO - Running wc_pb_update_510_delete_unused_meta callback...
2017-12-21T10:22:22+00:00 INFO - Finished wc_pb_update_510_delete_unused_meta callback.
2017-12-21T10:22:22+00:00 INFO - Running wc_pb_update_510_db_version callback...
2017-12-21T10:22:22+00:00 INFO Database version is 5.1.0.
2017-12-21T10:22:22+00:00 INFO - Finished wc_pb_update_510_db_version callback.
2017-12-21T10:22:22+00:00 INFO Data update complete.
2017-12-21T10:22:22+00:00 INFO Database version is 5.7.1.
