2018-01-31T13:57:26+00:00 INFO Scheduling sync...
2018-01-31T13:57:26+00:00 INFO Queued 6 IDs.
2018-01-31T13:57:28+00:00 INFO Syncing IDs: [8552, 8553, 8554, 8555, 8557, 8558]
2018-01-31T13:57:29+00:00 INFO Task complete.
2018-01-31T13:57:29+00:00 INFO Sync complete.
2018-01-31T14:07:07+00:00 INFO Scheduling sync...
2018-01-31T14:07:07+00:00 INFO Queued 6 IDs.
2018-01-31T14:07:08+00:00 INFO Syncing IDs: [8552, 8553, 8554, 8555, 8557, 8558]
2018-01-31T14:07:09+00:00 INFO Task complete.
2018-01-31T14:07:09+00:00 INFO Sync complete.
2018-01-31T14:24:53+00:00 INFO Scheduling sync...
2018-01-31T14:24:53+00:00 INFO Queued 1 IDs.
2018-01-31T14:24:55+00:00 INFO Syncing IDs: [8551]
2018-01-31T14:24:55+00:00 INFO Task complete.
2018-01-31T14:24:55+00:00 INFO Sync complete.
2018-01-31T14:37:20+00:00 INFO Scheduling sync...
2018-01-31T14:37:20+00:00 INFO Queued 1 IDs.
2018-01-31T14:37:22+00:00 INFO Syncing IDs: [8551]
2018-01-31T14:37:22+00:00 INFO Task complete.
2018-01-31T14:37:22+00:00 INFO Sync complete.
2018-02-20T15:46:08+00:00 INFO Scheduling sync...
2018-02-20T15:46:08+00:00 INFO Queued 1 IDs.
2018-02-20T15:46:09+00:00 INFO Syncing IDs: [8551]
2018-02-20T15:46:09+00:00 INFO Task complete.
2018-02-20T15:46:09+00:00 INFO Sync complete.
2018-02-28T13:45:40+00:00 INFO Scheduling sync...
2018-02-28T13:45:40+00:00 INFO Queued 1 IDs.
2018-02-28T13:45:42+00:00 INFO Syncing IDs: [8551]
2018-02-28T13:45:42+00:00 INFO Task complete.
2018-02-28T13:45:42+00:00 INFO Sync complete.
2018-02-28T13:46:27+00:00 INFO Scheduling sync...
2018-02-28T13:46:27+00:00 INFO Queued 6 IDs.
2018-02-28T13:46:29+00:00 INFO Syncing IDs: [8552, 8553, 8554, 8555, 8557, 8558]
2018-02-28T13:46:29+00:00 INFO Task complete.
2018-02-28T13:46:29+00:00 INFO Sync complete.
2018-02-28T13:47:36+00:00 INFO Scheduling sync...
2018-02-28T13:47:36+00:00 INFO Queued 1 IDs.
2018-02-28T13:47:37+00:00 INFO Syncing IDs: [8551]
2018-02-28T13:47:37+00:00 INFO Task complete.
2018-02-28T13:47:37+00:00 INFO Sync complete.
2018-02-28T13:48:26+00:00 INFO Scheduling sync...
2018-02-28T13:48:26+00:00 INFO Queued 1 IDs.
2018-02-28T13:48:27+00:00 INFO Syncing IDs: [8551]
2018-02-28T13:48:27+00:00 INFO Task complete.
2018-02-28T13:48:27+00:00 INFO Sync complete.
2018-02-28T13:49:12+00:00 INFO Scheduling sync...
2018-02-28T13:49:12+00:00 INFO Queued 1 IDs.
2018-02-28T13:49:14+00:00 INFO Syncing IDs: [8551]
2018-02-28T13:49:14+00:00 INFO Task complete.
2018-02-28T13:49:14+00:00 INFO Sync complete.
2018-02-28T14:31:32+00:00 INFO Scheduling sync...
2018-02-28T14:31:32+00:00 INFO Queued 3 IDs.
2018-02-28T14:31:35+00:00 INFO Syncing IDs: [8552, 8553, 8554]
2018-02-28T14:31:35+00:00 INFO Task complete.
2018-02-28T14:31:35+00:00 INFO Sync complete.
2018-02-28T14:33:12+00:00 INFO Scheduling sync...
2018-02-28T14:33:12+00:00 INFO Queued 3 IDs.
2018-02-28T14:33:13+00:00 INFO Syncing IDs: [8552, 8553, 8554]
2018-02-28T14:33:13+00:00 INFO Task complete.
2018-02-28T14:33:13+00:00 INFO Sync complete.
2018-02-28T15:13:57+00:00 INFO Scheduling sync...
2018-02-28T15:13:57+00:00 INFO Queued 2 IDs.
2018-02-28T15:13:59+00:00 INFO Syncing IDs: [8552, 8558]
2018-02-28T15:13:59+00:00 INFO Task complete.
2018-02-28T15:13:59+00:00 INFO Sync complete.
2018-02-28T15:16:06+00:00 INFO Scheduling sync...
2018-02-28T15:16:06+00:00 INFO Queued 2 IDs.
2018-02-28T15:16:07+00:00 INFO Syncing IDs: [8552, 8558]
2018-02-28T15:16:07+00:00 INFO Task complete.
2018-02-28T15:16:07+00:00 INFO Sync complete.
2018-02-28T16:44:12+00:00 INFO Scheduling sync...
2018-02-28T16:44:12+00:00 INFO Queued 2 IDs.
2018-02-28T16:44:14+00:00 INFO Syncing IDs: [8554, 8555]
2018-02-28T16:44:14+00:00 INFO Task complete.
2018-02-28T16:44:14+00:00 INFO Sync complete.
2018-02-28T16:53:54+00:00 INFO Scheduling sync...
2018-02-28T16:53:54+00:00 INFO Queued 2 IDs.
2018-02-28T16:53:56+00:00 INFO Syncing IDs: [8553, 8557]
2018-02-28T16:53:56+00:00 INFO Task complete.
2018-02-28T16:53:56+00:00 INFO Sync complete.
2018-02-28T17:00:05+00:00 INFO Scheduling sync...
2018-02-28T17:00:05+00:00 INFO Queued 2 IDs.
2018-02-28T17:00:07+00:00 INFO Syncing IDs: [8553, 8557]
2018-02-28T17:00:07+00:00 INFO Task complete.
2018-02-28T17:00:07+00:00 INFO Sync complete.
2018-02-28T17:29:54+00:00 INFO Scheduling sync...
2018-02-28T17:29:54+00:00 INFO Queued 4 IDs.
2018-02-28T17:29:56+00:00 INFO Syncing IDs: [8552, 8553, 8557, 8558]
2018-02-28T17:29:56+00:00 INFO Task complete.
2018-02-28T17:29:56+00:00 INFO Sync complete.
2018-02-28T17:38:25+00:00 INFO Scheduling sync...
2018-02-28T17:38:25+00:00 INFO Queued 3 IDs.
2018-02-28T17:38:27+00:00 INFO Syncing IDs: [8555, 8557, 8558]
2018-02-28T17:38:27+00:00 INFO Task complete.
2018-02-28T17:38:27+00:00 INFO Sync complete.
2018-02-28T17:42:42+00:00 INFO Scheduling sync...
2018-02-28T17:42:42+00:00 INFO Queued 1 IDs.
2018-02-28T17:42:43+00:00 INFO Syncing IDs: [8555]
2018-02-28T17:42:44+00:00 INFO Task complete.
2018-02-28T17:42:44+00:00 INFO Sync complete.
2018-02-28T17:47:47+00:00 INFO Scheduling sync...
2018-02-28T17:47:47+00:00 INFO Queued 2 IDs.
2018-02-28T17:47:49+00:00 INFO Syncing IDs: [8557, 8558]
2018-02-28T17:47:49+00:00 INFO Task complete.
2018-02-28T17:47:49+00:00 INFO Sync complete.
2018-02-28T18:00:57+00:00 INFO Scheduling sync...
2018-02-28T18:00:57+00:00 INFO Queued 6 IDs.
2018-02-28T18:00:58+00:00 INFO Syncing IDs: [8552, 8553, 8554, 8555, 8557, 8558]
2018-02-28T18:00:59+00:00 INFO Task complete.
2018-02-28T18:00:59+00:00 INFO Sync complete.
2018-03-02T12:54:27+00:00 INFO Scheduling sync...
2018-03-02T12:54:27+00:00 INFO Queued 2 IDs.
2018-03-02T12:54:29+00:00 INFO Syncing IDs: [8552, 8558]
2018-03-02T12:54:29+00:00 INFO Task complete.
2018-03-02T12:54:29+00:00 INFO Sync complete.
2018-03-04T11:59:22+00:00 INFO Scheduling sync...
2018-03-04T11:59:22+00:00 INFO Queued 4 IDs.
2018-03-04T11:59:24+00:00 INFO Syncing IDs: [8552, 8553, 8557, 8558]
2018-03-04T11:59:24+00:00 INFO Task complete.
2018-03-04T11:59:24+00:00 INFO Sync complete.
2018-03-07T16:45:36+00:00 INFO Scheduling sync...
2018-03-07T16:45:36+00:00 INFO Queued 2 IDs.
2018-03-07T16:45:37+00:00 INFO Syncing IDs: [8553, 8557]
2018-03-07T16:45:37+00:00 INFO Task complete.
2018-03-07T16:45:37+00:00 INFO Sync complete.
2018-03-14T09:48:51+00:00 INFO Scheduling sync...
2018-03-14T09:48:51+00:00 INFO Queued 6 IDs.
2018-03-14T09:48:52+00:00 INFO Syncing IDs: [8552, 8553, 8554, 8555, 8557, 8558]
2018-03-14T09:48:53+00:00 INFO Task complete.
2018-03-14T09:48:53+00:00 INFO Sync complete.
2018-03-16T10:26:30+00:00 INFO Scheduling sync...
2018-03-16T10:26:30+00:00 INFO Queued 6 IDs.
2018-03-16T10:26:32+00:00 INFO Syncing IDs: [8552, 8553, 8554, 8555, 8557, 8558]
2018-03-16T10:26:32+00:00 INFO Task complete.
2018-03-16T10:26:32+00:00 INFO Sync complete.
2018-03-21T15:17:52+00:00 INFO Scheduling sync...
2018-03-21T15:17:52+00:00 INFO Queued 6 IDs.
2018-03-21T15:17:53+00:00 INFO Syncing IDs: [8552, 8553, 8554, 8555, 8557, 8558]
2018-03-21T15:17:54+00:00 INFO Task complete.
2018-03-21T15:17:54+00:00 INFO Sync complete.
2018-03-24T22:40:12+00:00 INFO Scheduling sync...
2018-03-24T22:40:12+00:00 INFO Queued 6 IDs.
2018-03-24T22:40:14+00:00 INFO Syncing IDs: [8552, 8553, 8554, 8555, 8557, 8558]
2018-03-24T22:40:15+00:00 INFO Task complete.
2018-03-24T22:40:15+00:00 INFO Sync complete.
2018-03-25T17:00:31+00:00 INFO Scheduling sync...
2018-03-25T17:00:31+00:00 INFO Queued 6 IDs.
2018-03-25T17:00:33+00:00 INFO Syncing IDs: [8552, 8553, 8554, 8555, 8557, 8558]
2018-03-25T17:00:34+00:00 INFO Task complete.
2018-03-25T17:00:34+00:00 INFO Sync complete.
2018-03-26T18:19:24+00:00 INFO Scheduling sync...
2018-03-26T18:19:24+00:00 INFO Queued 3 IDs.
2018-03-26T18:19:26+00:00 INFO Syncing IDs: [8553, 8557, 8558]
2018-03-26T18:19:26+00:00 INFO Task complete.
2018-03-26T18:19:26+00:00 INFO Sync complete.
2018-03-26T18:53:42+00:00 INFO Scheduling sync...
2018-03-26T18:53:42+00:00 INFO Queued 2 IDs.
2018-03-26T18:53:44+00:00 INFO Syncing IDs: [8554, 8555]
2018-03-26T18:53:44+00:00 INFO Task complete.
2018-03-26T18:53:44+00:00 INFO Sync complete.
2018-03-27T13:58:32+00:00 INFO Scheduling sync...
2018-03-27T13:58:32+00:00 INFO Queued 6 IDs.
2018-03-27T13:58:34+00:00 INFO Syncing IDs: [8552, 8553, 8554, 8555, 8557, 8558]
2018-03-27T13:58:35+00:00 INFO Task complete.
2018-03-27T13:58:35+00:00 INFO Sync complete.
2018-03-27T15:07:55+00:00 INFO Scheduling sync...
2018-03-27T15:07:55+00:00 INFO Queued 3 IDs.
2018-03-27T15:07:57+00:00 INFO Syncing IDs: [8552, 8553, 8554]
2018-03-27T15:07:58+00:00 INFO Task complete.
2018-03-27T15:07:58+00:00 INFO Sync complete.
2018-03-27T16:44:57+00:00 INFO Scheduling sync...
2018-03-27T16:44:57+00:00 INFO Queued 2 IDs.
2018-03-27T16:44:59+00:00 INFO Syncing IDs: [8554, 8555]
2018-03-27T16:44:59+00:00 INFO Task complete.
2018-03-27T16:44:59+00:00 INFO Sync complete.
2018-03-31T15:09:01+00:00 INFO Scheduling sync...
2018-03-31T15:09:01+00:00 INFO Queued 6 IDs.
2018-03-31T15:09:03+00:00 INFO Syncing IDs: [8552, 8553, 8554, 8555, 8557, 8558]
2018-03-31T15:09:04+00:00 INFO Task complete.
2018-03-31T15:09:04+00:00 INFO Sync complete.
2018-04-03T16:12:09+00:00 INFO Scheduling sync...
2018-04-03T16:12:09+00:00 INFO Queued 6 IDs.
2018-04-03T16:12:11+00:00 INFO Syncing IDs: [8552, 8553, 8554, 8555, 8557, 8558]
2018-04-03T16:12:13+00:00 INFO Task complete.
2018-04-03T16:12:13+00:00 INFO Sync complete.
2018-04-04T14:00:33+00:00 INFO Scheduling sync...
2018-04-04T14:00:33+00:00 INFO Queued 6 IDs.
2018-04-04T14:00:40+00:00 INFO Task runner idling. Attempting to run queued tasks manually...
2018-04-04T14:00:40+00:00 INFO Syncing IDs: [8552, 8553, 8554, 8555, 8557, 8558]
2018-04-04T14:00:42+00:00 INFO Task complete.
2018-04-04T14:00:42+00:00 INFO Sync complete.
2018-04-04T18:45:57+00:00 INFO Scheduling sync...
2018-04-04T18:45:57+00:00 INFO Queued 6 IDs.
2018-04-04T18:45:59+00:00 INFO Syncing IDs: [8552, 8553, 8554, 8555, 8557, 8558]
2018-04-04T18:46:00+00:00 INFO Task complete.
2018-04-04T18:46:00+00:00 INFO Sync complete.
2018-04-06T17:10:53+00:00 INFO Scheduling sync...
2018-04-06T17:10:53+00:00 INFO Queued 6 IDs.
2018-04-06T17:10:55+00:00 INFO Syncing IDs: [8552, 8553, 8554, 8555, 8557, 8558]
2018-04-06T17:10:56+00:00 INFO Task complete.
2018-04-06T17:10:56+00:00 INFO Sync complete.
2018-04-07T18:34:12+00:00 INFO Scheduling sync...
2018-04-07T18:34:12+00:00 INFO Queued 4 IDs.
2018-04-07T18:34:14+00:00 INFO Syncing IDs: [8554, 8555, 8557, 8558]
2018-04-07T18:34:14+00:00 INFO Task complete.
2018-04-07T18:34:14+00:00 INFO Sync complete.
2018-04-08T10:16:26+00:00 INFO Scheduling sync...
2018-04-08T10:16:26+00:00 INFO Queued 6 IDs.
2018-04-08T10:16:28+00:00 INFO Syncing IDs: [8552, 8553, 8554, 8555, 8557, 8558]
2018-04-08T10:16:29+00:00 INFO Task complete.
2018-04-08T10:16:29+00:00 INFO Sync complete.
2018-04-08T17:47:45+00:00 INFO Scheduling sync...
2018-04-08T17:47:45+00:00 INFO Queued 6 IDs.
2018-04-08T17:47:47+00:00 INFO Syncing IDs: [8552, 8553, 8554, 8555, 8557, 8558]
2018-04-08T17:47:48+00:00 INFO Task complete.
2018-04-08T17:47:48+00:00 INFO Sync complete.
2018-04-09T08:19:22+00:00 INFO Scheduling sync...
2018-04-09T08:19:23+00:00 INFO Queued 6 IDs.
2018-04-09T08:19:23+00:00 INFO Syncing IDs: [8552, 8553, 8554, 8555, 8557, 8558]
2018-04-09T08:19:24+00:00 INFO Task complete.
2018-04-09T08:19:24+00:00 INFO Sync complete.
2018-04-09T10:03:21+00:00 INFO Scheduling sync...
2018-04-09T10:03:21+00:00 INFO Queued 2 IDs.
2018-04-09T10:03:25+00:00 INFO Task runner idling. Attempting to run queued tasks manually...
2018-04-09T10:03:25+00:00 INFO Syncing IDs: [8554, 8555]
2018-04-09T10:03:25+00:00 INFO Task complete.
2018-04-09T10:03:25+00:00 INFO Sync complete.
2018-04-10T15:10:21+00:00 INFO Scheduling sync...
2018-04-10T15:10:21+00:00 INFO Queued 7 IDs.
2018-04-10T15:10:22+00:00 INFO Syncing IDs: [8551, 8552, 8553, 8554, 8555, 8557, 8558]
2018-04-10T15:10:24+00:00 INFO Task complete.
2018-04-10T15:10:24+00:00 INFO Sync complete.
2018-04-10T18:00:06+00:00 INFO Scheduling sync...
2018-04-10T18:00:06+00:00 INFO Queued 4 IDs.
2018-04-10T18:00:07+00:00 INFO Syncing IDs: [8552, 8553, 8557, 8558]
2018-04-10T18:00:08+00:00 INFO Task complete.
2018-04-10T18:00:08+00:00 INFO Sync complete.
2018-04-10T21:45:14+00:00 INFO Scheduling sync...
2018-04-10T21:45:14+00:00 INFO Queued 6 IDs.
2018-04-10T21:45:16+00:00 INFO Syncing IDs: [8552, 8553, 8554, 8555, 8557, 8558]
2018-04-10T21:45:17+00:00 INFO Task complete.
2018-04-10T21:45:17+00:00 INFO Sync complete.
2018-04-12T19:28:37+00:00 INFO Scheduling sync...
2018-04-12T19:28:37+00:00 INFO Queued 4 IDs.
2018-04-12T19:28:39+00:00 INFO Syncing IDs: [8551, 8552, 8553, 8554]
2018-04-12T19:28:39+00:00 INFO Task complete.
2018-04-12T19:28:39+00:00 INFO Sync complete.
2018-04-13T18:40:41+00:00 INFO Scheduling sync...
2018-04-13T18:40:41+00:00 INFO Queued 4 IDs.
2018-04-13T18:40:43+00:00 INFO Syncing IDs: [8552, 8553, 8554, 8555]
2018-04-13T18:40:43+00:00 INFO Task complete.
2018-04-13T18:40:43+00:00 INFO Sync complete.
2018-04-14T11:27:27+00:00 INFO Scheduling sync...
2018-04-14T11:27:27+00:00 INFO Queued 4 IDs.
2018-04-14T11:27:28+00:00 INFO Syncing IDs: [8552, 8553, 8557, 8558]
2018-04-14T11:27:28+00:00 INFO Task complete.
2018-04-14T11:27:28+00:00 INFO Sync complete.
2018-04-14T16:01:26+00:00 INFO Scheduling sync...
2018-04-14T16:01:26+00:00 INFO Queued 7 IDs.
2018-04-14T16:01:28+00:00 INFO Syncing IDs: [8551, 8552, 8553, 8554, 8555, 8557, 8558]
2018-04-14T16:01:30+00:00 INFO Task complete.
2018-04-14T16:01:30+00:00 INFO Sync complete.
2018-04-14T18:14:35+00:00 INFO Scheduling sync...
2018-04-14T18:14:35+00:00 INFO Queued 5 IDs.
2018-04-14T18:14:37+00:00 INFO Syncing IDs: [8552, 8553, 8555, 8557, 8558]
2018-04-14T18:14:38+00:00 INFO Task complete.
2018-04-14T18:14:38+00:00 INFO Sync complete.
2018-04-15T13:41:49+00:00 INFO Scheduling sync...
2018-04-15T13:41:49+00:00 INFO Queued 2 IDs.
2018-04-15T13:41:50+00:00 INFO Syncing IDs: [8554, 8555]
2018-04-15T13:41:51+00:00 INFO Task complete.
2018-04-15T13:41:51+00:00 INFO Sync complete.
2018-04-16T13:00:22+00:00 INFO Scheduling sync...
2018-04-16T13:00:22+00:00 INFO Queued 4 IDs.
2018-04-16T13:00:23+00:00 INFO Syncing IDs: [8552, 8553, 8557, 8558]
2018-04-16T13:00:24+00:00 INFO Task complete.
2018-04-16T13:00:24+00:00 INFO Sync complete.
2018-04-16T16:32:29+00:00 INFO Scheduling sync...
2018-04-16T16:32:29+00:00 INFO Queued 6 IDs.
2018-04-16T16:32:31+00:00 INFO Syncing IDs: [8552, 8553, 8554, 8555, 8557, 8558]
2018-04-16T16:32:32+00:00 INFO Task complete.
2018-04-16T16:32:32+00:00 INFO Sync complete.
2018-04-17T19:46:42+00:00 INFO Scheduling sync...
2018-04-17T19:46:42+00:00 INFO Queued 6 IDs.
2018-04-17T19:46:44+00:00 INFO Syncing IDs: [8552, 8553, 8554, 8555, 8557, 8558]
2018-04-17T19:46:45+00:00 INFO Task complete.
2018-04-17T19:46:45+00:00 INFO Sync complete.
2018-04-19T09:29:41+00:00 INFO Scheduling sync...
2018-04-19T09:29:41+00:00 INFO Queued 4 IDs.
2018-04-19T09:29:43+00:00 INFO Syncing IDs: [8554, 8555, 8557, 8558]
2018-04-19T09:29:44+00:00 INFO Task complete.
2018-04-19T09:29:44+00:00 INFO Sync complete.
2018-04-19T21:00:06+00:00 INFO Scheduling sync...
2018-04-19T21:00:06+00:00 INFO Queued 6 IDs.
2018-04-19T21:00:08+00:00 INFO Syncing IDs: [8552, 8553, 8554, 8555, 8557, 8558]
2018-04-19T21:00:09+00:00 INFO Task complete.
2018-04-19T21:00:09+00:00 INFO Sync complete.
2018-04-20T19:33:23+00:00 INFO Scheduling sync...
2018-04-20T19:33:23+00:00 INFO Queued 6 IDs.
2018-04-20T19:33:25+00:00 INFO Syncing IDs: [8552, 8553, 8554, 8555, 8557, 8558]
2018-04-20T19:33:26+00:00 INFO Task complete.
2018-04-20T19:33:26+00:00 INFO Sync complete.
2018-04-21T19:25:32+00:00 INFO Scheduling sync...
2018-04-21T19:25:32+00:00 INFO Queued 6 IDs.
2018-04-21T19:25:34+00:00 INFO Syncing IDs: [8551, 8553, 8554, 8555, 8557, 8558]
2018-04-21T19:25:34+00:00 INFO Task complete.
2018-04-21T19:25:34+00:00 INFO Sync complete.
2018-04-22T09:52:41+00:00 INFO Scheduling sync...
2018-04-22T09:52:41+00:00 INFO Queued 4 IDs.
2018-04-22T09:52:43+00:00 INFO Syncing IDs: [8554, 8555, 8557, 8558]
2018-04-22T09:52:43+00:00 INFO Task complete.
2018-04-22T09:52:43+00:00 INFO Sync complete.
2018-04-22T14:40:32+00:00 INFO Scheduling sync...
2018-04-22T14:40:32+00:00 INFO Queued 1 IDs.
2018-04-22T14:40:34+00:00 INFO Syncing IDs: [8555]
2018-04-22T14:40:34+00:00 INFO Task complete.
2018-04-22T14:40:34+00:00 INFO Sync complete.
2018-04-22T18:27:30+00:00 INFO Scheduling sync...
2018-04-22T18:27:30+00:00 INFO Queued 6 IDs.
2018-04-22T18:27:32+00:00 INFO Syncing IDs: [8552, 8553, 8554, 8555, 8557, 8558]
2018-04-22T18:27:33+00:00 INFO Task complete.
2018-04-22T18:27:33+00:00 INFO Sync complete.
2018-04-23T09:27:00+00:00 INFO Scheduling sync...
2018-04-23T09:27:00+00:00 INFO Queued 6 IDs.
2018-04-23T09:27:02+00:00 INFO Syncing IDs: [8552, 8553, 8554, 8555, 8557, 8558]
2018-04-23T09:27:03+00:00 INFO Task complete.
2018-04-23T09:27:03+00:00 INFO Sync complete.
2018-04-23T20:29:02+00:00 INFO Scheduling sync...
2018-04-23T20:29:02+00:00 INFO Queued 3 IDs.
2018-04-23T20:29:04+00:00 INFO Syncing IDs: [8553, 8557, 8558]
2018-04-23T20:29:04+00:00 INFO Task complete.
2018-04-23T20:29:04+00:00 INFO Sync complete.
2018-04-24T19:02:49+00:00 INFO Scheduling sync...
2018-04-24T19:02:49+00:00 INFO Queued 6 IDs.
2018-04-24T19:02:50+00:00 INFO Syncing IDs: [8552, 8553, 8554, 8555, 8557, 8558]
2018-04-24T19:02:51+00:00 INFO Task complete.
2018-04-24T19:02:51+00:00 INFO Sync complete.
2018-04-24T19:31:54+00:00 INFO Scheduling sync...
2018-04-24T19:31:54+00:00 INFO Queued 6 IDs.
2018-04-24T19:31:56+00:00 INFO Syncing IDs: [8552, 8553, 8554, 8555, 8557, 8558]
2018-04-24T19:31:57+00:00 INFO Task complete.
2018-04-24T19:31:57+00:00 INFO Sync complete.
2018-04-26T10:51:54+00:00 INFO Scheduling sync...
2018-04-26T10:51:54+00:00 INFO Queued 3 IDs.
2018-04-26T10:51:56+00:00 INFO Syncing IDs: [8555, 8557, 8558]
2018-04-26T10:51:56+00:00 INFO Task complete.
2018-04-26T10:51:56+00:00 INFO Sync complete.
2018-04-26T19:53:52+00:00 INFO Scheduling sync...
2018-04-26T19:53:52+00:00 INFO Queued 3 IDs.
2018-04-26T19:53:54+00:00 INFO Syncing IDs: [8555, 8557, 8558]
2018-04-26T19:53:54+00:00 INFO Task complete.
2018-04-26T19:53:54+00:00 INFO Sync complete.
2018-04-27T10:38:49+00:00 INFO Scheduling sync...
2018-04-27T10:38:49+00:00 INFO Queued 2 IDs.
2018-04-27T10:38:51+00:00 INFO Syncing IDs: [8557, 8558]
2018-04-27T10:38:51+00:00 INFO Task complete.
2018-04-27T10:38:51+00:00 INFO Sync complete.
2018-04-27T15:21:50+00:00 INFO Scheduling sync...
2018-04-27T15:21:50+00:00 INFO Queued 6 IDs.
2018-04-27T15:21:52+00:00 INFO Syncing IDs: [8552, 8553, 8554, 8555, 8557, 8558]
2018-04-27T15:21:53+00:00 INFO Task complete.
2018-04-27T15:21:53+00:00 INFO Sync complete.
2018-04-27T16:22:44+00:00 INFO Scheduling sync...
2018-04-27T16:22:44+00:00 INFO Queued 6 IDs.
2018-04-27T16:22:46+00:00 INFO Syncing IDs: [8552, 8553, 8554, 8555, 8557, 8558]
2018-04-27T16:22:47+00:00 INFO Task complete.
2018-04-27T16:22:47+00:00 INFO Sync complete.
2018-04-28T16:17:07+00:00 INFO Scheduling sync...
2018-04-28T16:17:07+00:00 INFO Queued 6 IDs.
2018-04-28T16:17:09+00:00 INFO Syncing IDs: [8552, 8553, 8554, 8555, 8557, 8558]
2018-04-28T16:17:11+00:00 INFO Task complete.
2018-04-28T16:17:11+00:00 INFO Sync complete.
2018-04-29T12:24:00+00:00 INFO Scheduling sync...
2018-04-29T12:24:00+00:00 INFO Queued 7 IDs.
2018-04-29T12:24:02+00:00 INFO Syncing IDs: [8551, 8552, 8553, 8554, 8555, 8557, 8558]
2018-04-29T12:24:03+00:00 INFO Task complete.
2018-04-29T12:24:03+00:00 INFO Sync complete.
2018-04-29T16:13:14+00:00 INFO Scheduling sync...
2018-04-29T16:13:14+00:00 INFO Queued 6 IDs.
2018-04-29T16:13:16+00:00 INFO Syncing IDs: [8552, 8553, 8554, 8555, 8557, 8558]
2018-04-29T16:13:17+00:00 INFO Task complete.
2018-04-29T16:13:17+00:00 INFO Sync complete.
2018-04-29T20:30:13+00:00 INFO Scheduling sync...
2018-04-29T20:30:13+00:00 INFO Queued 6 IDs.
2018-04-29T20:30:15+00:00 INFO Syncing IDs: [8552, 8553, 8554, 8555, 8557, 8558]
2018-04-29T20:30:15+00:00 INFO Task complete.
2018-04-29T20:30:15+00:00 INFO Sync complete.
2018-04-30T06:54:28+00:00 INFO Scheduling sync...
2018-04-30T06:54:28+00:00 INFO Queued 3 IDs.
2018-04-30T06:54:30+00:00 INFO Syncing IDs: [8552, 8553, 8554]
2018-04-30T06:54:30+00:00 INFO Task complete.
2018-04-30T06:54:30+00:00 INFO Sync complete.
2018-04-30T08:54:18+00:00 INFO Scheduling sync...
2018-04-30T08:54:18+00:00 INFO Queued 3 IDs.
2018-04-30T08:54:20+00:00 INFO Syncing IDs: [8552, 8553, 8554]
2018-04-30T08:54:20+00:00 INFO Task complete.
2018-04-30T08:54:20+00:00 INFO Sync complete.
2018-04-30T20:38:31+00:00 INFO Scheduling sync...
2018-04-30T20:38:31+00:00 INFO Queued 5 IDs.
2018-04-30T20:38:33+00:00 INFO Syncing IDs: [8551, 8554, 8555, 8557, 8558]
2018-04-30T20:38:34+00:00 INFO Task complete.
2018-04-30T20:38:34+00:00 INFO Sync complete.
2018-04-30T21:01:20+00:00 INFO Scheduling sync...
2018-04-30T21:01:20+00:00 INFO Queued 7 IDs.
2018-04-30T21:01:22+00:00 INFO Syncing IDs: [8551, 8552, 8553, 8554, 8555, 8557, 8558]
2018-04-30T21:01:23+00:00 INFO Task complete.
2018-04-30T21:01:23+00:00 INFO Sync complete.
2018-05-01T05:51:26+00:00 INFO Scheduling sync...
2018-05-01T05:51:26+00:00 INFO Queued 2 IDs.
2018-05-01T05:51:28+00:00 INFO Syncing IDs: [8554, 8555]
2018-05-01T05:51:28+00:00 INFO Task complete.
2018-05-01T05:51:28+00:00 INFO Sync complete.
2018-05-02T19:23:45+00:00 INFO Scheduling sync...
2018-05-02T19:23:45+00:00 INFO Queued 6 IDs.
2018-05-02T19:23:46+00:00 INFO Syncing IDs: [8552, 8553, 8554, 8555, 8557, 8558]
2018-05-02T19:23:48+00:00 INFO Task complete.
2018-05-02T19:23:48+00:00 INFO Sync complete.
2018-05-02T19:56:29+00:00 INFO Scheduling sync...
2018-05-02T19:56:29+00:00 INFO Queued 5 IDs.
2018-05-02T19:56:31+00:00 INFO Syncing IDs: [8552, 8553, 8555, 8557, 8558]
2018-05-02T19:56:32+00:00 INFO Task complete.
2018-05-02T19:56:32+00:00 INFO Sync complete.
2018-05-04T04:48:28+00:00 INFO Scheduling sync...
2018-05-04T04:48:28+00:00 INFO Queued 7 IDs.
2018-05-04T04:48:30+00:00 INFO Syncing IDs: [8551, 8552, 8553, 8554, 8555, 8557, 8558]
2018-05-04T04:48:31+00:00 INFO Task complete.
2018-05-04T04:48:31+00:00 INFO Sync complete.
2018-05-04T09:06:41+00:00 INFO Scheduling sync...
2018-05-04T09:06:41+00:00 INFO Queued 7 IDs.
2018-05-04T09:06:42+00:00 INFO Syncing IDs: [8551, 8552, 8553, 8554, 8555, 8557, 8558]
2018-05-04T09:06:43+00:00 INFO Task complete.
2018-05-04T09:06:43+00:00 INFO Sync complete.
2018-05-04T11:47:12+00:00 INFO Scheduling sync...
2018-05-04T11:47:12+00:00 INFO Queued 6 IDs.
2018-05-04T11:47:13+00:00 INFO Syncing IDs: [8552, 8553, 8554, 8555, 8557, 8558]
2018-05-04T11:47:14+00:00 INFO Task complete.
2018-05-04T11:47:14+00:00 INFO Sync complete.
2018-05-04T15:17:37+00:00 INFO Scheduling sync...
2018-05-04T15:17:37+00:00 INFO Queued 6 IDs.
2018-05-04T15:17:40+00:00 INFO Task runner idling. Attempting to run queued tasks manually...
2018-05-04T15:17:40+00:00 INFO Syncing IDs: [8552, 8553, 8554, 8555, 8557, 8558]
2018-05-04T15:17:40+00:00 INFO Task complete.
2018-05-04T15:17:40+00:00 INFO Sync complete.
2018-05-05T08:18:38+00:00 INFO Scheduling sync...
2018-05-05T08:18:38+00:00 INFO Queued 6 IDs.
2018-05-05T08:18:40+00:00 INFO Syncing IDs: [8552, 8553, 8554, 8555, 8557, 8558]
2018-05-05T08:18:41+00:00 INFO Task complete.
2018-05-05T08:18:41+00:00 INFO Sync complete.
2018-05-05T10:21:58+00:00 INFO Scheduling sync...
2018-05-05T10:21:58+00:00 INFO Queued 4 IDs.
2018-05-05T10:22:02+00:00 INFO Task runner idling. Attempting to run queued tasks manually...
2018-05-05T10:22:02+00:00 INFO Syncing IDs: [8552, 8553, 8557, 8558]
2018-05-05T10:22:02+00:00 INFO Task complete.
2018-05-05T10:22:02+00:00 INFO Sync complete.
2018-05-05T10:49:23+00:00 INFO Scheduling sync...
2018-05-05T10:49:23+00:00 INFO Queued 5 IDs.
2018-05-05T10:49:25+00:00 INFO Syncing IDs: [8552, 8553, 8555, 8557, 8558]
2018-05-05T10:49:25+00:00 INFO Task complete.
2018-05-05T10:49:25+00:00 INFO Sync complete.
2018-05-05T14:15:25+00:00 INFO Scheduling sync...
2018-05-05T14:15:25+00:00 INFO Queued 5 IDs.
2018-05-05T14:15:27+00:00 INFO Syncing IDs: [8552, 8553, 8555, 8557, 8558]
2018-05-05T14:15:28+00:00 INFO Task complete.
2018-05-05T14:15:28+00:00 INFO Sync complete.
2018-05-05T20:30:14+00:00 INFO Scheduling sync...
2018-05-05T20:30:14+00:00 INFO Queued 4 IDs.
2018-05-05T20:30:16+00:00 INFO Syncing IDs: [8554, 8555, 8557, 8558]
2018-05-05T20:30:16+00:00 INFO Task complete.
2018-05-05T20:30:16+00:00 INFO Sync complete.
2018-05-05T21:41:32+00:00 INFO Scheduling sync...
2018-05-05T21:41:32+00:00 INFO Queued 4 IDs.
2018-05-05T21:41:32+00:00 INFO Syncing IDs: [8552, 8553, 8557, 8558]
2018-05-05T21:41:33+00:00 INFO Task complete.
2018-05-05T21:41:33+00:00 INFO Sync complete.
2018-05-06T10:11:52+00:00 INFO Scheduling sync...
2018-05-06T10:11:52+00:00 INFO Queued 7 IDs.
2018-05-06T10:11:54+00:00 INFO Syncing IDs: [8551, 8552, 8553, 8554, 8555, 8557, 8558]
2018-05-06T10:11:56+00:00 INFO Task complete.
2018-05-06T10:11:56+00:00 INFO Sync complete.
2018-05-06T17:07:08+00:00 INFO Scheduling sync...
2018-05-06T17:07:08+00:00 INFO Queued 6 IDs.
2018-05-06T17:07:10+00:00 INFO Syncing IDs: [8552, 8553, 8554, 8555, 8557, 8558]
2018-05-06T17:07:11+00:00 INFO Task complete.
2018-05-06T17:07:11+00:00 INFO Sync complete.
2018-05-06T17:56:31+00:00 INFO Scheduling sync...
2018-05-06T17:56:31+00:00 INFO Queued 4 IDs.
2018-05-06T17:56:32+00:00 INFO Syncing IDs: [8552, 8553, 8557, 8558]
2018-05-06T17:56:33+00:00 INFO Task complete.
2018-05-06T17:56:33+00:00 INFO Sync complete.
2018-05-06T19:09:23+00:00 INFO Scheduling sync...
2018-05-06T19:09:23+00:00 INFO Queued 2 IDs.
2018-05-06T19:09:25+00:00 INFO Syncing IDs: [8554, 8555]
2018-05-06T19:09:26+00:00 INFO Task complete.
2018-05-06T19:09:26+00:00 INFO Sync complete.
2018-05-06T19:10:09+00:00 INFO Scheduling sync...
2018-05-06T19:10:09+00:00 INFO Queued 2 IDs.
2018-05-06T19:10:11+00:00 INFO Syncing IDs: [8551, 8555]
2018-05-06T19:10:11+00:00 INFO Task complete.
2018-05-06T19:10:11+00:00 INFO Sync complete.
2018-05-06T20:07:55+00:00 INFO Scheduling sync...
2018-05-06T20:07:55+00:00 INFO Queued 6 IDs.
2018-05-06T20:07:57+00:00 INFO Syncing IDs: [8552, 8553, 8554, 8555, 8557, 8558]
2018-05-06T20:07:58+00:00 INFO Task complete.
2018-05-06T20:07:58+00:00 INFO Sync complete.
2018-05-06T20:33:40+00:00 INFO Scheduling sync...
2018-05-06T20:33:40+00:00 INFO Queued 6 IDs.
2018-05-06T20:33:43+00:00 INFO Syncing IDs: [8552, 8553, 8554, 8555, 8557, 8558]
2018-05-06T20:33:44+00:00 INFO Task complete.
2018-05-06T20:33:44+00:00 INFO Sync complete.
2018-05-06T20:50:58+00:00 INFO Scheduling sync...
2018-05-06T20:50:58+00:00 INFO Queued 4 IDs.
2018-05-06T20:51:00+00:00 INFO Syncing IDs: [8552, 8553, 8557, 8558]
2018-05-06T20:51:00+00:00 INFO Task complete.
2018-05-06T20:51:00+00:00 INFO Sync complete.
2018-05-06T21:29:47+00:00 INFO Scheduling sync...
2018-05-06T21:29:47+00:00 INFO Queued 6 IDs.
2018-05-06T21:29:49+00:00 INFO Syncing IDs: [8552, 8553, 8554, 8555, 8557, 8558]
2018-05-06T21:29:50+00:00 INFO Task complete.
2018-05-06T21:29:50+00:00 INFO Sync complete.
2018-05-07T09:00:05+00:00 INFO Scheduling sync...
2018-05-07T09:00:05+00:00 INFO Queued 2 IDs.
2018-05-07T09:00:06+00:00 INFO Syncing IDs: [8554, 8555]
2018-05-07T09:00:06+00:00 INFO Task complete.
2018-05-07T09:00:06+00:00 INFO Sync complete.
2018-05-07T10:23:33+00:00 INFO Scheduling sync...
2018-05-07T10:23:33+00:00 INFO Queued 3 IDs.
2018-05-07T10:23:35+00:00 INFO Syncing IDs: [8555, 8557, 8558]
2018-05-07T10:23:36+00:00 INFO Task complete.
2018-05-07T10:23:36+00:00 INFO Sync complete.
2018-05-07T10:27:05+00:00 INFO Scheduling sync...
2018-05-07T10:27:05+00:00 INFO Queued 3 IDs.
2018-05-07T10:27:07+00:00 INFO Syncing IDs: [8555, 8557, 8558]
2018-05-07T10:27:08+00:00 INFO Task complete.
2018-05-07T10:27:08+00:00 INFO Sync complete.
2018-05-07T11:41:21+00:00 INFO Scheduling sync...
2018-05-07T11:41:21+00:00 INFO Queued 4 IDs.
2018-05-07T11:41:32+00:00 INFO Task runner idling. Attempting to run queued tasks manually...
2018-05-07T11:41:32+00:00 INFO Syncing IDs: [8552, 8553, 8557, 8558]
2018-05-07T11:41:33+00:00 INFO Task complete.
2018-05-07T11:41:33+00:00 INFO Sync complete.
2018-05-07T16:52:43+00:00 INFO Scheduling sync...
2018-05-07T16:52:43+00:00 INFO Queued 7 IDs.
2018-05-07T16:52:43+00:00 INFO Syncing IDs: [8551, 8552, 8553, 8554, 8555, 8557, 8558]
2018-05-07T16:52:45+00:00 INFO Task complete.
2018-05-07T16:52:45+00:00 INFO Sync complete.
2018-05-07T17:14:11+00:00 INFO Scheduling sync...
2018-05-07T17:14:11+00:00 INFO Queued 4 IDs.
2018-05-07T17:14:13+00:00 INFO Syncing IDs: [8554, 8555, 8557, 8558]
2018-05-07T17:14:13+00:00 INFO Task complete.
2018-05-07T17:14:13+00:00 INFO Sync complete.
2018-05-07T18:26:59+00:00 INFO Scheduling sync...
2018-05-07T18:26:59+00:00 INFO Queued 6 IDs.
2018-05-07T18:27:00+00:00 INFO Syncing IDs: [8552, 8553, 8554, 8555, 8557, 8558]
2018-05-07T18:27:01+00:00 INFO Task complete.
2018-05-07T18:27:01+00:00 INFO Sync complete.
2018-05-07T18:39:22+00:00 INFO Scheduling sync...
2018-05-07T18:39:22+00:00 INFO Queued 6 IDs.
2018-05-07T18:39:24+00:00 INFO Syncing IDs: [8552, 8553, 8554, 8555, 8557, 8558]
2018-05-07T18:39:25+00:00 INFO Task complete.
2018-05-07T18:39:25+00:00 INFO Sync complete.
2018-05-07T19:23:25+00:00 INFO Scheduling sync...
2018-05-07T19:23:25+00:00 INFO Queued 2 IDs.
2018-05-07T19:23:27+00:00 INFO Syncing IDs: [8552, 8558]
2018-05-07T19:23:27+00:00 INFO Task complete.
2018-05-07T19:23:27+00:00 INFO Sync complete.
2018-05-07T20:01:00+00:00 INFO Scheduling sync...
2018-05-07T20:01:00+00:00 INFO Queued 6 IDs.
2018-05-07T20:01:01+00:00 INFO Syncing IDs: [8552, 8553, 8554, 8555, 8557, 8558]
2018-05-07T20:01:02+00:00 INFO Task complete.
2018-05-07T20:01:02+00:00 INFO Sync complete.
2018-05-07T20:51:44+00:00 INFO Scheduling sync...
2018-05-07T20:51:44+00:00 INFO Queued 4 IDs.
2018-05-07T20:51:46+00:00 INFO Syncing IDs: [8554, 8555, 8557, 8558]
2018-05-07T20:51:47+00:00 INFO Task complete.
2018-05-07T20:51:47+00:00 INFO Sync complete.
2018-05-08T09:15:19+00:00 INFO Scheduling sync...
2018-05-08T09:15:19+00:00 INFO Queued 6 IDs.
2018-05-08T09:15:21+00:00 INFO Syncing IDs: [8552, 8553, 8554, 8555, 8557, 8558]
2018-05-08T09:15:22+00:00 INFO Task complete.
2018-05-08T09:15:22+00:00 INFO Sync complete.
